<?xml version="1.0" encoding="UTF-8"?>
<robot generator="Robot 6.0.2 (Python 3.9.7 on win32)" generated="20230405 00:16:36.303" rpa="false" schemaversion="3">
<suite id="s1" name="Rpa Challenge Test" source="D:\Github\RPA_Challenge_01\rpa_challenge_test.robot">
<test id="s1-t1" name="Test RPA Challenge" line="24">
<kw name="Open RPA Challenge">
<kw name="Open Browser" library="SeleniumLibrary">
<arg>${BASE_URL}</arg>
<arg>browser=${BROWSER}</arg>
<doc>Opens a new browser instance to the optional ``url``.</doc>
<msg timestamp="20230405 00:16:36.784" level="INFO">Opening browser 'chrome' to base url 'https://rpachallenge.com'.</msg>
<kw name="Capture Page Screenshot" library="SeleniumLibrary">
<doc>Takes a screenshot of the current page and embeds it into a log file.</doc>
<msg timestamp="20230405 00:16:40.623" level="INFO">Cannot capture screenshot because no browser is open.</msg>
<status status="PASS" starttime="20230405 00:16:40.623" endtime="20230405 00:16:40.623"/>
</kw>
<msg timestamp="20230405 00:16:40.624" level="FAIL">SessionNotCreatedException: Message: session not created: This version of ChromeDriver only supports Chrome version 96
Current browser version is 111.0.5563.147 with binary path C:\Program Files\Google\Chrome\Application\chrome.exe
</msg>
<status status="FAIL" starttime="20230405 00:16:36.784" endtime="20230405 00:16:40.692"/>
</kw>
<status status="FAIL" starttime="20230405 00:16:36.783" endtime="20230405 00:16:40.692"/>
</kw>
<kw name="Input FirstName">
<status status="NOT RUN" starttime="20230405 00:16:40.693" endtime="20230405 00:16:40.693"/>
</kw>
<status status="FAIL" starttime="20230405 00:16:36.782" endtime="20230405 00:16:40.693">SessionNotCreatedException: Message: session not created: This version of ChromeDriver only supports Chrome version 96
Current browser version is 111.0.5563.147 with binary path C:\Program Files\Google\Chrome\Application\chrome.exe
</status>
</test>
<doc>TestCase RPA Challenge</doc>
<status status="FAIL" starttime="20230405 00:16:36.307" endtime="20230405 00:16:40.696"/>
</suite>
<statistics>
<total>
<stat pass="0" fail="1" skip="0">All Tests</stat>
</total>
<tag>
</tag>
<suite>
<stat pass="0" fail="1" skip="0" id="s1" name="Rpa Challenge Test">Rpa Challenge Test</stat>
</suite>
</statistics>
<errors>
<msg timestamp="20230405 00:16:36.774" level="ERROR">Error in file 'D:\Github\RPA_Challenge_01\rpa_challenge_test.robot' on line 4: Importing library 'ExcelLibrary' failed: ModuleNotFoundError: No module named 'ExcelLibrary'
Traceback (most recent call last):
  None
PYTHONPATH:
  C:\Users\AGT116\AppData\Local\Programs\Python\Python39\Scripts\robot.exe
  C:\Users\AGT116\AppData\Local\Programs\Python\Python39\python39.zip
  C:\Users\AGT116\AppData\Local\Programs\Python\Python39\DLLs
  C:\Users\AGT116\AppData\Local\Programs\Python\Python39\lib
  C:\Users\AGT116\AppData\Local\Programs\Python\Python39
  C:\Users\AGT116\AppData\Local\Programs\Python\Python39\lib\site-packages</msg>
</errors>
</robot>
